<?xml version="1.0" encoding="UTF-8"?>
<!-- Generated by org.testng.reporters.JUnitReportReporter -->
<testsuite skipped="0" hostname="Sevims-MBP.fios-router.home" name="com.hubspot.tests.ContactsPageTest" tests="7" failures="0" timestamp="13 Mar 2020 23:12:59 GMT" time="315.195" errors="0">
  <testcase name="verifyContactPageTitle" time="9.952" classname="com.hubspot.tests.ContactsPageTest"/>
  <testcase name="createNewContactTest" time="67.258" classname="com.hubspot.tests.ContactsPageTest"/>
  <testcase name="createNewContactTest" time="24.126" classname="com.hubspot.tests.ContactsPageTest"/>
  <testcase name="createNewContactTest" time="23.045" classname="com.hubspot.tests.ContactsPageTest"/>
  <testcase name="createNewPOMContactTest" time="141.980" classname="com.hubspot.tests.ContactsPageTest"/>
  <testcase name="createNewPOMContactTest" time="26.047" classname="com.hubspot.tests.ContactsPageTest"/>
  <testcase name="createNewPOMContactTest" time="22.787" classname="com.hubspot.tests.ContactsPageTest"/>
</testsuite> <!-- com.hubspot.tests.ContactsPageTest -->
